
ROM used:   223/8192 (3%)
            223/8192 (3%) including unused fragments

            0.3 Average locations per line
            4.1 Average locations per statement

RAM used:   8/368 (2%) at main() level
            12/368 (3%) worst case

Stack used: 1 worst case (1 in main + 0 for interrupts)
Stack size: 8

Lines Stmts  %   Files
----- ----- ---  -----
  108    55 100  main.c
   11     0   0  main.h
  769     0   0  C:\Program Files (x86)\PICC\Devices\16F887.h
----- -----
  888    55 Total

Page ROM  %  RAM    Vol Diff  Functions:
---- --- --- ---    --- ----  ----------
0     19   9    0     67  1.2  runForward
0     19   9    0     67  1.2  runBackward
0     19   9    0     67  1.2  runRight
0     19   9    0     67  1.2  runLeft
0     17   8    0     67  1.2  Stop
0     49  22    4    202  3.1  checkMetal
0     77  35    0    469  4.2  MAIN
 Inline         0             @cinit1

Program metrics:
    Functions               7
    Statements              55
    Comments                143
    Volume (V)              1555
    Difficulty (D)          13.2
    Effort to implement (E) 20586
    Time to implement (T)   19 minutes
    Est Delivered Bugs (B)  0
    Cyclomatic Complexity   5
    Maintainability (MI)    142

 Segment     Used  Free
-----------  ----  ----
00000-00003     4  0  
00004-007FF   219  1825  
00800-00FFF     0  2048  
01000-017FF     0  2048  
01800-01FFF     0  2048  



