*** Error 1 "main.c" Line 132(1,2): Illegal C character in input file  0x80
*** Error 1 "main.c" Line 132(1,2): Illegal C character in input file  0x00
*** Error 1 "main.c" Line 132(1,2): Illegal C character in input file  0xF0
*** Error 1 "main.c" Line 132(1,2): Illegal C character in input file  0x0F
*** Error 1 "main.c" Line 132(1,2): Illegal C character in input file  0x00
*** Error 1 "main.c" Line 132(1,2): Illegal C character in input file  0x00
*** Error 1 "main.c" Line 132(1,2): Illegal C character in input file  0xFF
*** Error 1 "main.c" Line 132(1,2): Illegal C character in input file  0xFF
*** Error 1 "main.c" Line 132(1,2): Illegal C character in input file  0xFF
*** Error 1 "main.c" Line 132(1,2): Illegal C character in input file  0x00
*** Error 1 "main.c" Line 132(1,2): Illegal C character in input file  0x06
*** Error 1 "main.c" Line 132(1,2): Illegal C character in input file  0x00
*** Error 1 "main.c" Line 132(1,2): Illegal C character in input file  0x00
*** Error 1 "main.c" Line 132(1,2): Illegal C character in input file  0x00
*** Error 1 "main.c" Line 132(1,2): Illegal C character in input file  0x00
*** Error 1 "main.c" Line 132(1,2): Illegal C character in input file  0x00
*** Error 1 "main.c" Line 132(1,2): Illegal C character in input file  0x00
*** Error 1 "main.c" Line 132(1,2): Illegal C character in input file  0x00
*** Error 1 "main.c" Line 132(1,2): Illegal C character in input file  0xAE
*** Error 1 "main.c" Line 132(1,2): Illegal C character in input file  0xFB
*** Error 1 "main.c" Line 132(1,2): Illegal C character in input file  0x17
*** Error 1 "main.c" Line 132(1,2): Illegal C character in input file  0xFE
*** Error 79 "main.c" Line 132(125,128): Expect }
*** Error 1 "main.c" Line 132(9,10): Illegal C character in input file  0x17
*** Error 1 "main.c" Line 132(9,10): Illegal C character in input file  0xC8
*** Error 1 "main.c" Line 132(11,12): Illegal C character in input file  0x1C
*** Error 1 "main.c" Line 132(11,12): Illegal C character in input file  0x06
*** Error 1 "main.c" Line 132(11,12): Illegal C character in input file  0xE6
*** Error 1 "main.c" Line 132(11,12): Illegal C character in input file  0x40
*** Error 1 "main.c" Line 132(11,12): Illegal C character in input file  0xC4
*** Error 1 "main.c" Line 132(11,12): Illegal C character in input file  0x00
*** Error 1 "main.c" Line 132(11,12): Illegal C character in input file  0x00
*** Error 1 "main.c" Line 132(11,12): Illegal C character in input file  0x00
*** Error 1 "main.c" Line 132(11,12): Illegal C character in input file  0xB0
*** Error 1 "main.c" Line 132(11,12): Illegal C character in input file  0xD7
*** Error 1 "main.c" Line 132(11,12): Illegal C character in input file  0x01
*** Error 1 "main.c" Line 132(11,12): Illegal C character in input file  0x00
*** Error 1 "main.c" Line 132(11,12): Illegal C character in input file  0x80
*** Error 1 "main.c" Line 132(11,12): Illegal C character in input file  0x00
*** Error 1 "main.c" Line 132(11,12): Illegal C character in input file  0x00
*** Error 1 "main.c" Line 132(11,12): Illegal C character in input file  0x00
*** Error 1 "main.c" Line 132(11,12): Illegal C character in input file  0x00
*** Error 1 "main.c" Line 132(11,12): Illegal C character in input file  0x00
*** Error 1 "main.c" Line 132(11,12): Illegal C character in input file  0x00
*** Error 1 "main.c" Line 132(11,12): Illegal C character in input file  0x00
*** Error 1 "main.c" Line 132(11,12): Illegal C character in input file  0x00
*** Error 1 "main.c" Line 132(11,12): Illegal C character in input file  0x00
*** Error 1 "main.c" Line 132(11,12): Illegal C character in input file  0x00
*** Error 1 "main.c" Line 132(11,12): Illegal C character in input file  0x00
*** Error 1 "main.c" Line 132(11,12): Illegal C character in input file  0x94
*** Error 48 "main.c" Line 132(9,10): Expecting a (
*** Error 1 "main.c" Line 132(19,20): Illegal C character in input file  0x08
*** Error 1 "main.c" Line 132(19,20): Illegal C character in input file  0x08
*** Error 1 "main.c" Line 132(19,20): Illegal C character in input file  0x40
*** Error 43 "main.c" Line 132(19,20): Expecting a declaration
*** Error 1 "main.c" Line 132(22,23): Illegal C character in input file  0xE4
*** Error 1 "main.c" Line 132(22,23): Illegal C character in input file  0x07
*** Error 1 "main.c" Line 132(22,23): Illegal C character in input file  0xD0
*** Error 43 "main.c" Line 132(22,23): Expecting a declaration
*** Error 1 "main.c" Line 132(25,26): Illegal C character in input file  0xE4
*** Error 1 "main.c" Line 132(25,26): Illegal C character in input file  0x07
*** Error 1 "main.c" Line 132(25,26): Illegal C character in input file  0x00
*** Error 1 "main.c" Line 132(25,26): Illegal C character in input file  0x00
*** Error 1 "main.c" Line 132(25,26): Illegal C character in input file  0x00
*** Error 1 "main.c" Line 132(25,26): Illegal C character in input file  0x00
*** Error 1 "main.c" Line 132(25,26): Illegal C character in input file  0x90
*** Error 43 "main.c" Line 132(25,26): Expecting a declaration
*** Error 1 "main.c" Line 132(28,29): Illegal C character in input file  0xE4
*** Error 1 "main.c" Line 132(28,29): Illegal C character in input file  0x07
*** Error 1 "main.c" Line 132(28,29): Illegal C character in input file  0x00
*** Error 1 "main.c" Line 132(28,29): Illegal C character in input file  0x00
*** Error 1 "main.c" Line 132(28,29): Illegal C character in input file  0x00
*** Error 1 "main.c" Line 132(28,29): Illegal C character in input file  0x00
*** Error 1 "main.c" Line 132(28,29): Illegal C character in input file  0x00
*** Error 1 "main.c" Line 132(28,29): Illegal C character in input file  0x00
*** Error 1 "main.c" Line 132(28,29): Illegal C character in input file  0x00
*** Error 1 "main.c" Line 132(28,29): Illegal C character in input file  0x00
*** Error 1 "main.c" Line 132(28,29): Illegal C character in input file  0x00
*** Error 1 "main.c" Line 132(28,29): Illegal C character in input file  0x00
*** Error 1 "main.c" Line 132(28,29): Illegal C character in input file  0x00
*** Error 1 "main.c" Line 132(28,29): Illegal C character in input file  0x00
*** Error 1 "main.c" Line 132(28,29): Illegal C character in input file  0x00
*** Error 1 "main.c" Line 132(28,29): Illegal C character in input file  0x00
*** Error 1 "main.c" Line 132(28,29): Illegal C character in input file  0x00
*** Error 1 "main.c" Line 132(28,29): Illegal C character in input file  0x00
*** Error 1 "main.c" Line 132(28,29): Illegal C character in input file  0x00
*** Error 1 "main.c" Line 132(28,29): Illegal C character in input file  0x00
*** Error 1 "main.c" Line 132(28,29): Illegal C character in input file  0x00
*** Error 1 "main.c" Line 132(28,29): Illegal C character in input file  0x00
*** Error 1 "main.c" Line 132(28,29): Illegal C character in input file  0x00
*** Error 1 "main.c" Line 132(28,29): Illegal C character in input file  0x00
*** Error 1 "main.c" Line 132(28,29): Illegal C character in input file  0x00
*** Error 1 "main.c" Line 132(28,29): Illegal C character in input file  0x00
*** Error 1 "main.c" Line 132(28,29): Illegal C character in input file  0x00
*** Error 1 "main.c" Line 132(28,29): Illegal C character in input file  0x00
*** Error 1 "main.c" Line 132(28,29): Illegal C character in input file  0x00
*** Error 1 "main.c" Line 132(28,29): Illegal C character in input file  0x00
*** Error 1 "main.c" Line 132(28,29): Illegal C character in input file  0x00
*** Error 1 "main.c" Line 132(28,29): Illegal C character in input file  0x00
*** Error 1 "main.c" Line 132(28,29): Illegal C character in input file  0x00
*** Error 1 "main.c" Line 132(28,29): Illegal C character in input file  0x00
